<?xml version="1.0" encoding="utf-8"?><testsuites name="pytest tests"><testsuite name="pytest" errors="0" failures="0" skipped="0" tests="12" time="2.094" timestamp="2026-06-15T23:06:17.463122+00:00" hostname="agent-env-8c4869f2-912a-4415-ad4f-253b3c03a136"><testcase classname="backend.tests.test_planner_api.TestCategories" name="test_get_categories" time="0.216" /><testcase classname="backend.tests.test_planner_api.TestImportKml" name="test_invalid_url_returns_400" time="0.115" /><testcase classname="backend.tests.test_planner_api.TestImportKml" name="test_empty_url_returns_400" time="0.108" /><testcase classname="backend.tests.test_planner_api.TestImportKml" name="test_valid_mymap_url" time="0.243" /><testcase classname="backend.tests.test_planner_api.TestOptimize" name="test_empty_points_does_not_crash" time="0.155" /><testcase classname="backend.tests.test_planner_api.TestOptimize" name="test_full_route_fits" time="0.120" /><testcase classname="backend.tests.test_planner_api.TestOptimize" name="test_skipped_when_budget_tiny" time="0.106" /><testcase classname="backend.tests.test_planner_api.TestOptimize" name="test_return_to_start_increases_distance" time="0.143" /><testcase classname="backend.tests.test_planner_api.TestItineraries" name="test_create_and_get" time="0.211" /><testcase classname="backend.tests.test_planner_api.TestItineraries" name="test_list_includes_saved" time="0.221" /><testcase classname="backend.tests.test_planner_api.TestItineraries" name="test_delete" time="0.201" /><testcase classname="backend.tests.test_planner_api.TestItineraries" name="test_delete_nonexistent_returns_404" time="0.098" /></testsuite></testsuites>